apitmdb.cub.red
117.55.203.183
fw-update.ui.com
apt-beta.artifacts.ui.com
apt-release-candidate.artifacts.ui.com
apt.artifacts.ui.com
fw-update.ubnt.com
fw-download.ubnt.com
223.111.18.110
223.111.231.197
5.9.210.77
5.9.210.74
5.9.210.73
docs.mau.fi
dock.mau.dev
dock.mau.fi
2ip.ru
5mins.eu
anilibria.tv
bigfangroup.org
bitru.org
botscout.com
cdn-1.strava.com
community.sophos.com
docs.sophos.com
forum.mikrotik.com
forum.zannn.top
getoutline.com
gtorrent.ru
heatmap-external-a.strava.com
isc.sans.edu
limetorrents.lol
lostfilm.life
lostfilm.tv
maxmind.com
megapeer.vip
mirrorbay.top
new-rutor.org
newstudio.tv
nntt.org
piratebay.army
piratebay.by
piratebay.live
piratebay.party
piratebayproxy.live
piratehaven.xyz
pirate-proxy.date
pirateproxylive.org
pornolampa.art
reddit.com
rutor.info
rutor.is
rutracker.net
rutracker.nl
rutracker.org
rutracker.ru
seedoff.zannn.top
server.appyhapps.nl
server.healthsync.app
server3.healthsync.app
sophos.com
thehiddenbay.com
thepiratebay.cloud
thepiratebay.ninjaproxy1.com
thepiratebay.org
thepiratebay.party
thepiratebay.torrentbay.st
thepiratebay.unblockninja.com
thepiratebay.zone
thepiratebay0.org
thepiratebay10.org
thepiratebaye.org
thepirateproxy.net
torlock2.com
torrent.by
tpb.party
tpb.proxyninja.org
tpb.re
tpb.skynetcloud.site
tpb29.ukpass.co
tpb-proxy.xyz
tpb-visit.me
uniondht.org
ww38.linkidin.com
www.anilibria.tv
www.freebfg.org
www.getoutline.com
www.limetorrents.lol
www.maxmind.com
www.nntt.org
www.reddit.com
www.strava.com
www.torlock2.com
docker.com
hub.docker.com
elb-default.us-east-1.aws.dckr.io
prodextdefblue-be9epwf86ra-011431b53d8e1adf.elb.us-east-1.amazonaws.com
44.221.37.199
52.44.227.212
54.156.140.159
index.docker.io
registry.hub.docker.com
registry-1.docker.io
redis.io
forum.netgate.com
lists.blocklist.de
danger.rulez.sk
www.blocklist.de
blocklist.de
openweathermap.org
api.openweathermap.org
home.openweathermap.org
api.open-meteo.com
open-meteo.com
